Collecting torch==2.7.1 (from -r /mnt/nas/hj/H20_Video_inpainting_DPO/third_party/VOID/Netflix_void-model/requirements.txt (line 2))
  Downloading torch-2.7.1-cp310-cp310-manylinux_2_28_x86_64.whl.metadata (29 kB)
Collecting torchvision==0.22.1 (from -r /mnt/nas/hj/H20_Video_inpainting_DPO/third_party/VOID/Netflix_void-model/requirements.txt (line 3))
  Downloading torchvision-0.22.1-cp310-cp310-manylinux_2_28_x86_64.whl.metadata (6.1 kB)
Collecting torchdiffeq==0.2.5 (from -r /mnt/nas/hj/H20_Video_inpainting_DPO/third_party/VOID/Netflix_void-model/requirements.txt (line 4))
  Using cached torchdiffeq-0.2.5-py3-none-any.whl.metadata (440 bytes)
Collecting torchsde==0.2.6 (from -r /mnt/nas/hj/H20_Video_inpainting_DPO/third_party/VOID/Netflix_void-model/requirements.txt (line 5))
  Using cached torchsde-0.2.6-py3-none-any.whl.metadata (5.3 kB)
Collecting diffusers==0.33.1 (from -r /mnt/nas/hj/H20_Video_inpainting_DPO/third_party/VOID/Netflix_void-model/requirements.txt (line 8))
  Downloading diffusers-0.33.1-py3-none-any.whl.metadata (19 kB)
Collecting accelerate==1.12.0 (from -r /mnt/nas/hj/H20_Video_inpainting_DPO/third_party/VOID/Netflix_void-model/requirements.txt (line 9))
  Downloading accelerate-1.12.0-py3-none-any.whl.metadata (19 kB)
Collecting transformers==4.57.1 (from -r /mnt/nas/hj/H20_Video_inpainting_DPO/third_party/VOID/Netflix_void-model/requirements.txt (line 10))
  Downloading transformers-4.57.1-py3-none-any.whl.metadata (43 kB)
Collecting safetensors==0.6.2 (from -r /mnt/nas/hj/H20_Video_inpainting_DPO/third_party/VOID/Netflix_void-model/requirements.txt (line 11))
  Downloading safetensors-0.6.2-cp38-abi3-manylinux_2_17_x86_64.manylinux2014_x86_64.whl.metadata (4.1 kB)
Collecting peft==0.17.1 (from -r /mnt/nas/hj/H20_Video_inpainting_DPO/third_party/VOID/Netflix_void-model/requirements.txt (line 12))
  Downloading peft-0.17.1-py3-none-any.whl.metadata (14 kB)
Collecting deepspeed==0.17.6 (from -r /mnt/nas/hj/H20_Video_inpainting_DPO/third_party/VOID/Netflix_void-model/requirements.txt (line 15))
  Downloading deepspeed-0.17.6.tar.gz (1.6 MB)
     ━━━━━━━━━━━━━━━━━━━━━━━━━━━━━━━━━━━━━━━━ 1.6/1.6 MB 11.8 kB/s  0:02:28
  Installing build dependencies: started
  Installing build dependencies: finished with status 'done'
  Getting requirements to build wheel: started
  Getting requirements to build wheel: finished with status 'done'
  Preparing metadata (pyproject.toml): started
  Preparing metadata (pyproject.toml): finished with status 'done'
Collecting came-pytorch==0.1.3 (from -r /mnt/nas/hj/H20_Video_inpainting_DPO/third_party/VOID/Netflix_void-model/requirements.txt (line 16))
  Using cached came_pytorch-0.1.3-py3-none-any.whl.metadata (4.8 kB)
Collecting tensorboard==2.20.0 (from -r /mnt/nas/hj/H20_Video_inpainting_DPO/third_party/VOID/Netflix_void-model/requirements.txt (line 17))
  Downloading tensorboard-2.20.0-py3-none-any.whl.metadata (1.8 kB)
Collecting opencv-python==4.10.0.84 (from -r /mnt/nas/hj/H20_Video_inpainting_DPO/third_party/VOID/Netflix_void-model/requirements.txt (line 20))
  Downloading opencv_python-4.10.0.84-cp37-abi3-manylinux_2_17_x86_64.manylinux2014_x86_64.whl.metadata (20 kB)
Collecting scikit-image==0.25.2 (from -r /mnt/nas/hj/H20_Video_inpainting_DPO/third_party/VOID/Netflix_void-model/requirements.txt (line 21))
  Downloading scikit_image-0.25.2-cp310-cp310-manylinux_2_17_x86_64.manylinux2014_x86_64.whl.metadata (14 kB)
Collecting imageio==2.37.0 (from -r /mnt/nas/hj/H20_Video_inpainting_DPO/third_party/VOID/Netflix_void-model/requirements.txt (line 22))
  Downloading imageio-2.37.0-py3-none-any.whl.metadata (5.2 kB)
Collecting imageio-ffmpeg==0.6.0 (from -r /mnt/nas/hj/H20_Video_inpainting_DPO/third_party/VOID/Netflix_void-model/requirements.txt (line 23))
  Downloading imageio_ffmpeg-0.6.0-py3-none-manylinux2014_x86_64.whl.metadata (1.5 kB)
Collecting mediapy==1.2.4 (from -r /mnt/nas/hj/H20_Video_inpainting_DPO/third_party/VOID/Netflix_void-model/requirements.txt (line 24))
  Using cached mediapy-1.2.4-py3-none-any.whl.metadata (4.8 kB)
Collecting decord==0.6.0 (from -r /mnt/nas/hj/H20_Video_inpainting_DPO/third_party/VOID/Netflix_void-model/requirements.txt (line 25))
  Using cached decord-0.6.0-py3-none-manylinux2010_x86_64.whl.metadata (422 bytes)
Collecting kornia==0.8.1 (from -r /mnt/nas/hj/H20_Video_inpainting_DPO/third_party/VOID/Netflix_void-model/requirements.txt (line 26))
  Downloading kornia-0.8.1-py2.py3-none-any.whl.metadata (17 kB)
Collecting albumentations==2.0.8 (from -r /mnt/nas/hj/H20_Video_inpainting_DPO/third_party/VOID/Netflix_void-model/requirements.txt (line 27))
  Using cached albumentations-2.0.8-py3-none-any.whl.metadata (43 kB)
Collecting timm==1.0.19 (from -r /mnt/nas/hj/H20_Video_inpainting_DPO/third_party/VOID/Netflix_void-model/requirements.txt (line 28))
  Downloading timm-1.0.19-py3-none-any.whl.metadata (60 kB)
