Collecting torch==2.7.1 (from -r reports/exp50_void_env_repair_logs/requirements_no_deepspeed.txt (line 2))
  Using cached torch-2.7.1-cp310-cp310-manylinux_2_28_x86_64.whl.metadata (29 kB)
Collecting torchvision==0.22.1 (from -r reports/exp50_void_env_repair_logs/requirements_no_deepspeed.txt (line 3))
  Using cached torchvision-0.22.1-cp310-cp310-manylinux_2_28_x86_64.whl.metadata (6.1 kB)
Collecting torchdiffeq==0.2.5 (from -r reports/exp50_void_env_repair_logs/requirements_no_deepspeed.txt (line 4))
  Using cached torchdiffeq-0.2.5-py3-none-any.whl.metadata (440 bytes)
Collecting torchsde==0.2.6 (from -r reports/exp50_void_env_repair_logs/requirements_no_deepspeed.txt (line 5))
  Using cached torchsde-0.2.6-py3-none-any.whl.metadata (5.3 kB)
Collecting diffusers==0.33.1 (from -r reports/exp50_void_env_repair_logs/requirements_no_deepspeed.txt (line 8))
  Using cached diffusers-0.33.1-py3-none-any.whl.metadata (19 kB)
Collecting accelerate==1.12.0 (from -r reports/exp50_void_env_repair_logs/requirements_no_deepspeed.txt (line 9))
  Using cached accelerate-1.12.0-py3-none-any.whl.metadata (19 kB)
Collecting transformers==4.57.1 (from -r reports/exp50_void_env_repair_logs/requirements_no_deepspeed.txt (line 10))
  Using cached transformers-4.57.1-py3-none-any.whl.metadata (43 kB)
Collecting safetensors==0.6.2 (from -r reports/exp50_void_env_repair_logs/requirements_no_deepspeed.txt (line 11))
  Using cached safetensors-0.6.2-cp38-abi3-manylinux_2_17_x86_64.manylinux2014_x86_64.whl.metadata (4.1 kB)
Collecting peft==0.17.1 (from -r reports/exp50_void_env_repair_logs/requirements_no_deepspeed.txt (line 12))
  Using cached peft-0.17.1-py3-none-any.whl.metadata (14 kB)
Collecting came-pytorch==0.1.3 (from -r reports/exp50_void_env_repair_logs/requirements_no_deepspeed.txt (line 15))
  Using cached came_pytorch-0.1.3-py3-none-any.whl.metadata (4.8 kB)
Collecting tensorboard==2.20.0 (from -r reports/exp50_void_env_repair_logs/requirements_no_deepspeed.txt (line 16))
  Using cached tensorboard-2.20.0-py3-none-any.whl.metadata (1.8 kB)
Collecting opencv-python==4.10.0.84 (from -r reports/exp50_void_env_repair_logs/requirements_no_deepspeed.txt (line 19))
  Using cached opencv_python-4.10.0.84-cp37-abi3-manylinux_2_17_x86_64.manylinux2014_x86_64.whl.metadata (20 kB)
Collecting scikit-image==0.25.2 (from -r reports/exp50_void_env_repair_logs/requirements_no_deepspeed.txt (line 20))
  Using cached scikit_image-0.25.2-cp310-cp310-manylinux_2_17_x86_64.manylinux2014_x86_64.whl.metadata (14 kB)
Collecting imageio==2.37.0 (from -r reports/exp50_void_env_repair_logs/requirements_no_deepspeed.txt (line 21))
  Using cached imageio-2.37.0-py3-none-any.whl.metadata (5.2 kB)
Collecting imageio-ffmpeg==0.6.0 (from -r reports/exp50_void_env_repair_logs/requirements_no_deepspeed.txt (line 22))
  Using cached imageio_ffmpeg-0.6.0-py3-none-manylinux2014_x86_64.whl.metadata (1.5 kB)
Collecting mediapy==1.2.4 (from -r reports/exp50_void_env_repair_logs/requirements_no_deepspeed.txt (line 23))
  Using cached mediapy-1.2.4-py3-none-any.whl.metadata (4.8 kB)
Collecting decord==0.6.0 (from -r reports/exp50_void_env_repair_logs/requirements_no_deepspeed.txt (line 24))
  Using cached decord-0.6.0-py3-none-manylinux2010_x86_64.whl.metadata (422 bytes)
Collecting kornia==0.8.1 (from -r reports/exp50_void_env_repair_logs/requirements_no_deepspeed.txt (line 25))
  Using cached kornia-0.8.1-py2.py3-none-any.whl.metadata (17 kB)
Collecting albumentations==2.0.8 (from -r reports/exp50_void_env_repair_logs/requirements_no_deepspeed.txt (line 26))
  Using cached albumentations-2.0.8-py3-none-any.whl.metadata (43 kB)
Collecting timm==1.0.19 (from -r reports/exp50_void_env_repair_logs/requirements_no_deepspeed.txt (line 27))
  Downloading timm-1.0.19-py3-none-any.whl.metadata (60 kB)
Collecting tomesd==0.1.3 (from -r reports/exp50_void_env_repair_logs/requirements_no_deepspeed.txt (line 28))
  Using cached tomesd-0.1.3-py3-none-any.whl.metadata (9.1 kB)
Collecting Pillow==11.3.0 (from -r reports/exp50_void_env_repair_logs/requirements_no_deepspeed.txt (line 29))
  Downloading pillow-11.3.0-cp310-cp310-manylinux_2_27_x86_64.manylinux_2_28_x86_64.whl.metadata (9.0 kB)
Collecting numpy==1.26.4 (from -r reports/exp50_void_env_repair_logs/requirements_no_deepspeed.txt (line 32))
  Downloading numpy-1.26.4-cp310-cp310-manylinux_2_17_x86_64.manylinux2014_x86_64.whl.metadata (61 kB)
  WARNING: Connection timed out while downloading.
  WARNING: Attempting to resume incomplete download (0 bytes/61 kB, attempt 1)
  Downloading numpy-1.26.4-cp310-cp310-manylinux_2_17_x86_64.manylinux2014_x86_64.whl.metadata (61 kB)
Collecting scipy==1.14.0 (from -r reports/exp50_void_env_repair_logs/requirements_no_deepspeed.txt (line 33))
  Downloading scipy-1.14.0-cp310-cp310-manylinux_2_17_x86_64.manylinux2014_x86_64.whl.metadata (60 kB)
Collecting scikit-learn==1.7.2 (from -r reports/exp50_void_env_repair_logs/requirements_no_deepspeed.txt (line 34))
  Downloading scikit_learn-1.7.2-cp310-cp310-manylinux2014_x86_64.manylinux_2_17_x86_64.whl.metadata (11 kB)
Collecting datasets==4.0.0 (from -r reports/exp50_void_env_repair_logs/requirements_no_deepspeed.txt (line 35))
  Using cached datasets-4.0.0-py3-none-any.whl.metadata (19 kB)
Collecting einops==0.8.0 (from -r reports/exp50_void_env_repair_logs/requirements_no_deepspeed.txt (line 36))
  Downloading einops-0.8.0-py3-none-any.whl.metadata (12 kB)
Collecting omegaconf==2.3.0 (from -r reports/exp50_void_env_repair_logs/requirements_no_deepspeed.txt (line 39))
  Downloading omegaconf-2.3.0-py3-none-any.whl.metadata (3.9 kB)
Collecting ml_collections==1.1.0 (from -r reports/exp50_void_env_repair_logs/requirements_no_deepspeed.txt (line 40))
  Using cached ml_collections-1.1.0-py3-none-any.whl.metadata (22 kB)
Collecting absl-py==2.3.1 (from -r reports/exp50_void_env_repair_logs/requirements_no_deepspeed.txt (line 41))
  Downloading absl_py-2.3.1-py3-none-any.whl.metadata (3.3 kB)
Collecting loguru==0.7.3 (from -r reports/exp50_void_env_repair_logs/requirements_no_deepspeed.txt (line 42))
  Downloading loguru-0.7.3-py3-none-any.whl.metadata (22 kB)
Collecting tqdm==4.67.1 (from -r reports/exp50_void_env_repair_logs/requirements_no_deepspeed.txt (line 43))
  Downloading tqdm-4.67.1-py3-none-any.whl.metadata (57 kB)
Collecting matplotlib==3.10.6 (from -r reports/exp50_void_env_repair_logs/requirements_no_deepspeed.txt (line 44))
  Downloading matplotlib-3.10.6-cp310-cp310-manylinux2014_x86_64.manylinux_2_17_x86_64.whl.metadata (11 kB)
Collecting sentencepiece==0.2.1 (from -r reports/exp50_void_env_repair_logs/requirements_no_deepspeed.txt (line 47))
  Downloading sentencepiece-0.2.1-cp310-cp310-manylinux_2_27_x86_64.manylinux_2_28_x86_64.whl.metadata (10 kB)
Collecting ftfy==6.1.1 (from -r reports/exp50_void_env_repair_logs/requirements_no_deepspeed.txt (line 48))
  Downloading ftfy-6.1.1-py3-none-any.whl.metadata (6.1 kB)
Collecting beautifulsoup4==4.13.5 (from -r reports/exp50_void_env_repair_logs/requirements_no_deepspeed.txt (line 49))
  Using cached beautifulsoup4-4.13.5-py3-none-any.whl.metadata (3.8 kB)
Collecting func-timeout==4.3.5 (from -r reports/exp50_void_env_repair_logs/requirements_no_deepspeed.txt (line 52))
  Using cached func_timeout-4.3.5-py3-none-any.whl
Collecting requests==2.32.5 (from -r reports/exp50_void_env_repair_logs/requirements_no_deepspeed.txt (line 53))
  Downloading requests-2.32.5-py3-none-any.whl.metadata (4.9 kB)
Collecting packaging==25.0 (from -r reports/exp50_void_env_repair_logs/requirements_no_deepspeed.txt (line 54))
  Downloading packaging-25.0-py3-none-any.whl.metadata (3.3 kB)
Collecting filelock (from torch==2.7.1->-r reports/exp50_void_env_repair_logs/requirements_no_deepspeed.txt (line 2))
  Using cached filelock-3.29.4-py3-none-any.whl.metadata (2.0 kB)
Collecting typing-extensions>=4.10.0 (from torch==2.7.1->-r reports/exp50_void_env_repair_logs/requirements_no_deepspeed.txt (line 2))
  Using cached typing_extensions-4.15.0-py3-none-any.whl.metadata (3.3 kB)
Collecting sympy>=1.13.3 (from torch==2.7.1->-r reports/exp50_void_env_repair_logs/requirements_no_deepspeed.txt (line 2))
  Downloading sympy-1.14.0-py3-none-any.whl.metadata (12 kB)
Collecting networkx (from torch==2.7.1->-r reports/exp50_void_env_repair_logs/requirements_no_deepspeed.txt (line 2))
  Downloading networkx-3.4.2-py3-none-any.whl.metadata (6.3 kB)
Collecting jinja2 (from torch==2.7.1->-r reports/exp50_void_env_repair_logs/requirements_no_deepspeed.txt (line 2))
  Using cached jinja2-3.1.6-py3-none-any.whl.metadata (2.9 kB)
Collecting fsspec (from torch==2.7.1->-r reports/exp50_void_env_repair_logs/requirements_no_deepspeed.txt (line 2))
  Using cached fsspec-2026.6.0-py3-none-any.whl.metadata (10 kB)
Collecting nvidia-cuda-nvrtc-cu12==12.6.77 (from torch==2.7.1->-r reports/exp50_void_env_repair_logs/requirements_no_deepspeed.txt (line 2))
  Downloading nvidia_cuda_nvrtc_cu12-12.6.77-py3-none-manylinux2014_x86_64.whl.metadata (1.5 kB)
Collecting nvidia-cuda-runtime-cu12==12.6.77 (from torch==2.7.1->-r reports/exp50_void_env_repair_logs/requirements_no_deepspeed.txt (line 2))
  Downloading nvidia_cuda_runtime_cu12-12.6.77-py3-none-manylinux2014_x86_64.manylinux_2_17_x86_64.whl.metadata (1.5 kB)
Collecting nvidia-cuda-cupti-cu12==12.6.80 (from torch==2.7.1->-r reports/exp50_void_env_repair_logs/requirements_no_deepspeed.txt (line 2))
  Downloading nvidia_cuda_cupti_cu12-12.6.80-py3-none-manylinux2014_x86_64.manylinux_2_17_x86_64.whl.metadata (1.6 kB)
Collecting nvidia-cudnn-cu12==9.5.1.17 (from torch==2.7.1->-r reports/exp50_void_env_repair_logs/requirements_no_deepspeed.txt (line 2))
  Downloading nvidia_cudnn_cu12-9.5.1.17-py3-none-manylinux_2_28_x86_64.whl.metadata (1.6 kB)
Collecting nvidia-cublas-cu12==12.6.4.1 (from torch==2.7.1->-r reports/exp50_void_env_repair_logs/requirements_no_deepspeed.txt (line 2))
  Downloading nvidia_cublas_cu12-12.6.4.1-py3-none-manylinux2014_x86_64.manylinux_2_17_x86_64.whl.metadata (1.5 kB)
Collecting nvidia-cufft-cu12==11.3.0.4 (from torch==2.7.1->-r reports/exp50_void_env_repair_logs/requirements_no_deepspeed.txt (line 2))
  Downloading nvidia_cufft_cu12-11.3.0.4-py3-none-manylinux2014_x86_64.manylinux_2_17_x86_64.whl.metadata (1.5 kB)
Collecting nvidia-curand-cu12==10.3.7.77 (from torch==2.7.1->-r reports/exp50_void_env_repair_logs/requirements_no_deepspeed.txt (line 2))
  Downloading nvidia_curand_cu12-10.3.7.77-py3-none-manylinux2014_x86_64.manylinux_2_17_x86_64.whl.metadata (1.5 kB)
Collecting nvidia-cusolver-cu12==11.7.1.2 (from torch==2.7.1->-r reports/exp50_void_env_repair_logs/requirements_no_deepspeed.txt (line 2))
  Downloading nvidia_cusolver_cu12-11.7.1.2-py3-none-manylinux2014_x86_64.manylinux_2_17_x86_64.whl.metadata (1.6 kB)
Collecting nvidia-cusparse-cu12==12.5.4.2 (from torch==2.7.1->-r reports/exp50_void_env_repair_logs/requirements_no_deepspeed.txt (line 2))
  Downloading nvidia_cusparse_cu12-12.5.4.2-py3-none-manylinux2014_x86_64.manylinux_2_17_x86_64.whl.metadata (1.6 kB)
Collecting nvidia-cusparselt-cu12==0.6.3 (from torch==2.7.1->-r reports/exp50_void_env_repair_logs/requirements_no_deepspeed.txt (line 2))
  Downloading nvidia_cusparselt_cu12-0.6.3-py3-none-manylinux2014_x86_64.whl.metadata (6.8 kB)
Collecting nvidia-nccl-cu12==2.26.2 (from torch==2.7.1->-r reports/exp50_void_env_repair_logs/requirements_no_deepspeed.txt (line 2))
  Downloading nvidia_nccl_cu12-2.26.2-py3-none-manylinux2014_x86_64.manylinux_2_17_x86_64.whl.metadata (2.0 kB)
Collecting nvidia-nvtx-cu12==12.6.77 (from torch==2.7.1->-r reports/exp50_void_env_repair_logs/requirements_no_deepspeed.txt (line 2))
  Downloading nvidia_nvtx_cu12-12.6.77-py3-none-manylinux2014_x86_64.manylinux_2_17_x86_64.whl.metadata (1.6 kB)
Collecting nvidia-nvjitlink-cu12==12.6.85 (from torch==2.7.1->-r reports/exp50_void_env_repair_logs/requirements_no_deepspeed.txt (line 2))
  Downloading nvidia_nvjitlink_cu12-12.6.85-py3-none-manylinux2010_x86_64.manylinux_2_12_x86_64.whl.metadata (1.5 kB)
Collecting nvidia-cufile-cu12==1.11.1.6 (from torch==2.7.1->-r reports/exp50_void_env_repair_logs/requirements_no_deepspeed.txt (line 2))
  Downloading nvidia_cufile_cu12-1.11.1.6-py3-none-manylinux2014_x86_64.manylinux_2_17_x86_64.whl.metadata (1.5 kB)
Collecting triton==3.3.1 (from torch==2.7.1->-r reports/exp50_void_env_repair_logs/requirements_no_deepspeed.txt (line 2))
  Downloading triton-3.3.1-cp310-cp310-manylinux_2_27_x86_64.manylinux_2_28_x86_64.whl.metadata (1.5 kB)
Collecting trampoline>=0.1.2 (from torchsde==0.2.6->-r reports/exp50_void_env_repair_logs/requirements_no_deepspeed.txt (line 5))
  Using cached trampoline-0.1.2-py3-none-any.whl.metadata (10 kB)
Collecting importlib-metadata (from diffusers==0.33.1->-r reports/exp50_void_env_repair_logs/requirements_no_deepspeed.txt (line 8))
  Downloading importlib_metadata-9.0.0-py3-none-any.whl.metadata (4.5 kB)
Collecting huggingface-hub>=0.27.0 (from diffusers==0.33.1->-r reports/exp50_void_env_repair_logs/requirements_no_deepspeed.txt (line 8))
  Downloading huggingface_hub-1.21.0-py3-none-any.whl.metadata (14 kB)
Collecting regex!=2019.12.17 (from diffusers==0.33.1->-r reports/exp50_void_env_repair_logs/requirements_no_deepspeed.txt (line 8))
  Downloading regex-2026.6.28-cp310-cp310-manylinux2014_x86_64.manylinux_2_17_x86_64.manylinux_2_28_x86_64.whl.metadata (40 kB)
Collecting psutil (from accelerate==1.12.0->-r reports/exp50_void_env_repair_logs/requirements_no_deepspeed.txt (line 9))
  Downloading psutil-7.2.2-cp36-abi3-manylinux2010_x86_64.manylinux_2_12_x86_64.manylinux_2_28_x86_64.whl.metadata (22 kB)
Collecting pyyaml (from accelerate==1.12.0->-r reports/exp50_void_env_repair_logs/requirements_no_deepspeed.txt (line 9))
  Downloading pyyaml-6.0.3-cp310-cp310-manylinux2014_x86_64.manylinux_2_17_x86_64.manylinux_2_28_x86_64.whl.metadata (2.4 kB)
Collecting huggingface-hub>=0.27.0 (from diffusers==0.33.1->-r reports/exp50_void_env_repair_logs/requirements_no_deepspeed.txt (line 8))
  Using cached huggingface_hub-0.36.2-py3-none-any.whl.metadata (15 kB)
Collecting tokenizers<=0.23.0,>=0.22.0 (from transformers==4.57.1->-r reports/exp50_void_env_repair_logs/requirements_no_deepspeed.txt (line 10))
  Downloading tokenizers-0.22.2-cp39-abi3-manylinux_2_17_x86_64.manylinux2014_x86_64.whl.metadata (7.3 kB)
Collecting grpcio>=1.48.2 (from tensorboard==2.20.0->-r reports/exp50_void_env_repair_logs/requirements_no_deepspeed.txt (line 16))
  Downloading grpcio-1.81.1-cp310-cp310-manylinux2014_x86_64.manylinux_2_17_x86_64.whl.metadata (3.7 kB)
Collecting markdown>=2.6.8 (from tensorboard==2.20.0->-r reports/exp50_void_env_repair_logs/requirements_no_deepspeed.txt (line 16))
  Downloading markdown-3.10.2-py3-none-any.whl.metadata (5.1 kB)
Collecting protobuf!=4.24.0,>=3.19.6 (from tensorboard==2.20.0->-r reports/exp50_void_env_repair_logs/requirements_no_deepspeed.txt (line 16))
  Downloading protobuf-7.35.1-cp310-abi3-manylinux2014_x86_64.whl.metadata (595 bytes)
Requirement already satisfied: setuptools>=41.0.0 in /home/hj/conda_envs/void_exp50_official/lib/python3.10/site-packages (from tensorboard==2.20.0->-r reports/exp50_void_env_repair_logs/requirements_no_deepspeed.txt (line 16)) (82.0.1)
Collecting tensorboard-data-server<0.8.0,>=0.7.0 (from tensorboard==2.20.0->-r reports/exp50_void_env_repair_logs/requirements_no_deepspeed.txt (line 16))
  Downloading tensorboard_data_server-0.7.2-py3-none-manylinux_2_31_x86_64.whl.metadata (1.1 kB)
Collecting werkzeug>=1.0.1 (from tensorboard==2.20.0->-r reports/exp50_void_env_repair_logs/requirements_no_deepspeed.txt (line 16))
  Downloading werkzeug-3.1.8-py3-none-any.whl.metadata (4.0 kB)
Collecting tifffile>=2022.8.12 (from scikit-image==0.25.2->-r reports/exp50_void_env_repair_logs/requirements_no_deepspeed.txt (line 20))
  Downloading tifffile-2025.5.10-py3-none-any.whl.metadata (31 kB)
Collecting lazy-loader>=0.4 (from scikit-image==0.25.2->-r reports/exp50_void_env_repair_logs/requirements_no_deepspeed.txt (line 20))
  Downloading lazy_loader-0.5-py3-none-any.whl.metadata (5.9 kB)
Collecting ipython (from mediapy==1.2.4->-r reports/exp50_void_env_repair_logs/requirements_no_deepspeed.txt (line 23))
  Downloading ipython-8.39.0-py3-none-any.whl.metadata (5.1 kB)
Collecting kornia_rs>=0.1.9 (from kornia==0.8.1->-r reports/exp50_void_env_repair_logs/requirements_no_deepspeed.txt (line 25))
  Downloading kornia_rs-0.1.14-cp310-cp310-manylinux_2_17_x86_64.manylinux2014_x86_64.whl.metadata (15 kB)
Collecting pydantic>=2.9.2 (from albumentations==2.0.8->-r reports/exp50_void_env_repair_logs/requirements_no_deepspeed.txt (line 26))
  Downloading pydantic-2.13.4-py3-none-any.whl.metadata (109 kB)
Collecting albucore==0.0.24 (from albumentations==2.0.8->-r reports/exp50_void_env_repair_logs/requirements_no_deepspeed.txt (line 26))
  Using cached albucore-0.0.24-py3-none-any.whl.metadata (5.3 kB)
Collecting opencv-python-headless>=4.9.0.80 (from albumentations==2.0.8->-r reports/exp50_void_env_repair_logs/requirements_no_deepspeed.txt (line 26))
  Downloading opencv_python_headless-4.13.0.92-cp37-abi3-manylinux_2_28_x86_64.whl.metadata (19 kB)
Collecting joblib>=1.2.0 (from scikit-learn==1.7.2->-r reports/exp50_void_env_repair_logs/requirements_no_deepspeed.txt (line 34))
  Downloading joblib-1.5.3-py3-none-any.whl.metadata (5.5 kB)
Collecting threadpoolctl>=3.1.0 (from scikit-learn==1.7.2->-r reports/exp50_void_env_repair_logs/requirements_no_deepspeed.txt (line 34))
  Downloading threadpoolctl-3.6.0-py3-none-any.whl.metadata (13 kB)
Collecting pyarrow>=15.0.0 (from datasets==4.0.0->-r reports/exp50_void_env_repair_logs/requirements_no_deepspeed.txt (line 35))
  Using cached pyarrow-24.0.0-cp310-cp310-manylinux_2_28_x86_64.whl.metadata (3.0 kB)
Collecting dill<0.3.9,>=0.3.0 (from datasets==4.0.0->-r reports/exp50_void_env_repair_logs/requirements_no_deepspeed.txt (line 35))
  Using cached dill-0.3.8-py3-none-any.whl.metadata (10 kB)
Collecting pandas (from datasets==4.0.0->-r reports/exp50_void_env_repair_logs/requirements_no_deepspeed.txt (line 35))
  Downloading pandas-2.3.3-cp310-cp310-manylinux_2_24_x86_64.manylinux_2_28_x86_64.whl.metadata (91 kB)
Collecting xxhash (from datasets==4.0.0->-r reports/exp50_void_env_repair_logs/requirements_no_deepspeed.txt (line 35))
  Using cached xxhash-3.8.0-cp310-cp310-manylinux2014_x86_64.manylinux_2_17_x86_64.manylinux_2_28_x86_64.whl.metadata (14 kB)
Collecting multiprocess<0.70.17 (from datasets==4.0.0->-r reports/exp50_void_env_repair_logs/requirements_no_deepspeed.txt (line 35))
  Using cached multiprocess-0.70.16-py310-none-any.whl.metadata (7.2 kB)
Collecting fsspec (from torch==2.7.1->-r reports/exp50_void_env_repair_logs/requirements_no_deepspeed.txt (line 2))
  Using cached fsspec-2025.3.0-py3-none-any.whl.metadata (11 kB)
Collecting antlr4-python3-runtime==4.9.* (from omegaconf==2.3.0->-r reports/exp50_void_env_repair_logs/requirements_no_deepspeed.txt (line 39))
  Downloading antlr4-python3-runtime-4.9.3.tar.gz (117 kB)
  Installing build dependencies: started
  Installing build dependencies: finished with status 'done'
  Getting requirements to build wheel: started
  Getting requirements to build wheel: finished with status 'done'
  Preparing metadata (pyproject.toml): started
  Preparing metadata (pyproject.toml): finished with status 'done'
Collecting contourpy>=1.0.1 (from matplotlib==3.10.6->-r reports/exp50_void_env_repair_logs/requirements_no_deepspeed.txt (line 44))
  Downloading contourpy-1.3.2-cp310-cp310-manylinux_2_17_x86_64.manylinux2014_x86_64.whl.metadata (5.5 kB)
Collecting cycler>=0.10 (from matplotlib==3.10.6->-r reports/exp50_void_env_repair_logs/requirements_no_deepspeed.txt (line 44))
  Downloading cycler-0.12.1-py3-none-any.whl.metadata (3.8 kB)
INFO: pip is looking at multiple versions of matplotlib to determine which version is compatible with other requirements. This could take a while.
ERROR: Ignored the following versions that require a different python version: 0.26.0 Requires-Python >=3.11; 0.26.0rc1 Requires-Python >=3.11; 0.26.0rc2 Requires-Python >=3.11; 0.8.3 Requires-Python >=3.11; 1.16.0 Requires-Python >=3.11; 1.16.0rc1 Requires-Python >=3.11; 1.16.0rc2 Requires-Python >=3.11; 1.16.1 Requires-Python >=3.11; 1.16.2 Requires-Python >=3.11; 1.16.3 Requires-Python >=3.11; 1.17.0 Requires-Python >=3.11; 1.17.0rc1 Requires-Python >=3.11; 1.17.0rc2 Requires-Python >=3.11; 1.17.1 Requires-Python >=3.11; 1.18.0 Requires-Python >=3.12; 1.18.0rc1 Requires-Python >=3.12; 1.18.0rc2 Requires-Python >=3.12; 1.3.3 Requires-Python >=3.11; 1.6.2 Requires-Python >=3.7,<3.10; 1.6.3 Requires-Python >=3.7,<3.10; 1.7.0 Requires-Python >=3.7,<3.10; 1.7.1 Requires-Python >=3.7,<3.10; 1.8.0 Requires-Python >=3.11; 1.8.0rc1 Requires-Python >=3.11; 1.9.0 Requires-Python >=3.11; 1.9.0rc1 Requires-Python >=3.11; 2.3.0 Requires-Python >=3.11; 2.3.1 Requires-Python >=3.11; 2.3.2 Requires-Python >=3.11; 2.3.3 Requires-Python >=3.11; 2.3.4 Requires-Python >=3.11; 2.3.5 Requires-Python >=3.11; 2.4.0 Requires-Python >=3.11; 2.4.0rc1 Requires-Python >=3.11; 2.4.1 Requires-Python >=3.11; 2.4.2 Requires-Python >=3.11; 2.4.3 Requires-Python >=3.11; 2.4.4 Requires-Python >=3.11; 2.4.5 Requires-Python >=3.11; 2.4.6 Requires-Python >=3.11; 2.5.0 Requires-Python >=3.12; 2.5.0rc1 Requires-Python >=3.12; 2025.10.16 Requires-Python >=3.11; 2025.10.4 Requires-Python >=3.11; 2025.12.12 Requires-Python >=3.11; 2025.12.20 Requires-Python >=3.11; 2025.5.21 Requires-Python >=3.11; 2025.5.24 Requires-Python >=3.11; 2025.5.26 Requires-Python >=3.11; 2025.6.1 Requires-Python >=3.11; 2025.6.11 Requires-Python >=3.11; 2025.8.28 Requires-Python >=3.11; 2025.9.20 Requires-Python >=3.11; 2025.9.30 Requires-Python >=3.11; 2025.9.9 Requires-Python >=3.11; 2026.1.14 Requires-Python >=3.11; 2026.1.28 Requires-Python >=3.11; 2026.2.15 Requires-Python >=3.11; 2026.2.16 Requires-Python >=3.11; 2026.2.20 Requires-Python >=3.11; 2026.2.24 Requires-Python >=3.11; 2026.3.3 Requires-Python >=3.11; 2026.4.11 Requires-Python >=3.12; 2026.5.15 Requires-Python >=3.12; 2026.5.2 Requires-Python >=3.12; 2026.6.1 Requires-Python >=3.12; 3.0.0 Requires-Python >=3.11; 3.0.0rc0 Requires-Python >=3.11; 3.0.0rc1 Requires-Python >=3.11; 3.0.0rc2 Requires-Python >=3.11; 3.0.1 Requires-Python >=3.11; 3.0.2 Requires-Python >=3.11; 3.0.3 Requires-Python >=3.11; 3.0.4 Requires-Python >=3.11; 3.11.0 Requires-Python >=3.11; 3.11.0rc1 Requires-Python >=3.11; 3.11.0rc2 Requires-Python >=3.11; 3.5 Requires-Python >=3.11; 3.5rc0 Requires-Python >=3.11; 3.6 Requires-Python >=3.11; 3.6.1 Requires-Python >=3.11,!=3.14.1; 3.6rc0 Requires-Python >=3.11; 9.0.0 Requires-Python >=3.11; 9.0.0b1 Requires-Python >=3.11; 9.0.0b2 Requires-Python >=3.11; 9.0.1 Requires-Python >=3.11; 9.0.2 Requires-Python >=3.11; 9.1.0 Requires-Python >=3.11; 9.10.0 Requires-Python >=3.11; 9.10.1 Requires-Python >=3.11; 9.11.0 Requires-Python >=3.12; 9.12.0 Requires-Python >=3.12; 9.13.0 Requires-Python >=3.11; 9.14.0 Requires-Python >=3.11; 9.14.1 Requires-Python >=3.11; 9.15.0 Requires-Python >=3.11; 9.2.0 Requires-Python >=3.11; 9.3.0 Requires-Python >=3.11; 9.4.0 Requires-Python >=3.11; 9.5.0 Requires-Python >=3.11; 9.6.0 Requires-Python >=3.11; 9.7.0 Requires-Python >=3.11; 9.8.0 Requires-Python >=3.11; 9.9.0 Requires-Python >=3.11
ERROR: Could not find a version that satisfies the requirement fonttools>=4.22.0 (from matplotlib) (from versions: none)
ERROR: No matching distribution found for fonttools>=4.22.0
